The target system is: Generic - 1 - 
The host system is: Darwin - 24.1.0 - arm64
Compiling the C compiler identification source file "CMakeCCompilerId.c" succeeded.
Compiler: /opt/homebrew/bin/arm-none-eabi-gcc 
Build flags: 
Id flags: -c 

The output was:
0


Compilation of the C compiler identification source "CMakeCCompilerId.c" produced "CMakeCCompilerId.o"

The C compiler identification is GNU, found in "/Users/hatsune-miku/develop/CLionProjects/action-test/cmake-build-debug/CMakeFiles/3.24.2/CompilerIdC/CMakeCCompilerId.o"

Compiling the CXX compiler identification source file "CMakeCXXCompilerId.cpp" succeeded.
Compiler: /opt/homebrew/bin/arm-none-eabi-g++ 
Build flags: 
Id flags: -c 

The output was:
0


Compilation of the CXX compiler identification source "CMakeCXXCompilerId.cpp" produced "CMakeCXXCompilerId.o"

The CXX compiler identification is GNU, found in "/Users/hatsune-miku/develop/CLionProjects/action-test/cmake-build-debug/CMakeFiles/3.24.2/CompilerIdCXX/CMakeCXXCompilerId.o"

Checking whether the ASM compiler is GNU using "--version" matched "(GNU assembler)|(GCC)|(Free Software Foundation)":
arm-none-eabi-gcc (Arm GNU Toolchain 13.3.Rel1 (Build arm-13.24)) 13.3.1 20240614
Copyright (C) 2023 Free Software Foundation, Inc.
This is free software; see the source for copying conditions.  There is NO
warranty; not even for MERCHANTABILITY or FITNESS FOR A PARTICULAR PURPOSE.

Detecting C compiler ABI info compiled with the following output:
Change Dir: /Users/hatsune-miku/develop/CLionProjects/action-test/cmake-build-debug/CMakeFiles/CMakeTmp

Run Build Command(s):/Applications/CLion.app/Contents/bin/ninja/mac/ninja cmTC_43409 && [1/2] Building C object CMakeFiles/cmTC_43409.dir/CMakeCCompilerABI.c.obj
Using built-in specs.
COLLECT_GCC=/opt/homebrew/bin/arm-none-eabi-gcc
Target: arm-none-eabi
Configured with: /Volumes/data/jenkins/workspace/GNU-toolchain/arm-13/src/gcc/configure --target=arm-none-eabi --prefix=/Volumes/data/jenkins/workspace/GNU-toolchain/arm-13/build-arm-none-eabi/install --with-gmp=/Volumes/data/jenkins/workspace/GNU-toolchain/arm-13/build-arm-none-eabi/host-tools --with-mpfr=/Volumes/data/jenkins/workspace/GNU-toolchain/arm-13/build-arm-none-eabi/host-tools --with-mpc=/Volumes/data/jenkins/workspace/GNU-toolchain/arm-13/build-arm-none-eabi/host-tools --with-isl=/Volumes/data/jenkins/workspace/GNU-toolchain/arm-13/build-arm-none-eabi/host-tools --disable-shared --disable-nls --disable-threads --disable-tls --enable-checking=release --enable-languages=c,c++,fortran --with-newlib --with-gnu-as --with-headers=yes --with-gnu-ld --with-native-system-header-dir=/include --with-sysroot=/Volumes/data/jenkins/workspace/GNU-toolchain/arm-13/build-arm-none-eabi/install/arm-none-eabi --with-multilib-list=aprofile,rmprofile --with-pkgversion='Arm GNU Toolchain 13.3.Rel1 (Build arm-13.24)' --with-bugurl=https://bugs.linaro.org/
Thread model: single
Supported LTO compression algorithms: zlib
gcc version 13.3.1 20240614 (Arm GNU Toolchain 13.3.Rel1 (Build arm-13.24)) 
COLLECT_GCC_OPTIONS='-fdiagnostics-color=always' '-v' '-o' 'CMakeFiles/cmTC_43409.dir/CMakeCCompilerABI.c.obj' '-c' '-mcpu=arm7tdmi' '-mfloat-abi=soft' '-marm' '-mlibarch=armv4t' '-march=armv4t' '-dumpdir' 'CMakeFiles/cmTC_43409.dir/'
 /Applications/ArmGNUToolchain/13.3.rel1/arm-none-eabi/bin/../libexec/gcc/arm-none-eabi/13.3.1/cc1 -quiet -v -iprefix /Applications/ArmGNUToolchain/13.3.rel1/arm-none-eabi/bin/../lib/gcc/arm-none-eabi/13.3.1/ -isysroot /Applications/ArmGNUToolchain/13.3.rel1/arm-none-eabi/bin/../arm-none-eabi -D__USES_INITFINI__ /Applications/CLion.app/Contents/bin/cmake/mac/share/cmake-3.24/Modules/CMakeCCompilerABI.c -quiet -dumpdir CMakeFiles/cmTC_43409.dir/ -dumpbase CMakeCCompilerABI.c.c -dumpbase-ext .c -mcpu=arm7tdmi -mfloat-abi=soft -marm -mlibarch=armv4t -march=armv4t -version -fdiagnostics-color=always -o /var/folders/5f/m3z4hlfs6m39vfs8pykqxrrh0000gn/T//ccF1omPC.s
GNU C17 (Arm GNU Toolchain 13.3.Rel1 (Build arm-13.24)) version 13.3.1 20240614 (arm-none-eabi)
	compiled by GNU C version Apple LLVM 13.0.0 (clang-1300.0.29.30), GMP version 6.2.1, MPFR version 3.1.6, MPC version 1.0.3, isl version isl-0.15-1-g835ea3a-GMP

GGC heuristics: --param ggc-min-expand=100 --param ggc-min-heapsize=131072
ignoring duplicate directory "/Applications/ArmGNUToolchain/13.3.rel1/arm-none-eabi/bin/../lib/gcc/../../lib/gcc/arm-none-eabi/13.3.1/include"
ignoring nonexistent directory "/Applications/ArmGNUToolchain/13.3.rel1/arm-none-eabi/bin/../arm-none-eabi/usr/local/include"
ignoring duplicate directory "/Applications/ArmGNUToolchain/13.3.rel1/arm-none-eabi/bin/../lib/gcc/../../lib/gcc/arm-none-eabi/13.3.1/include-fixed"
ignoring duplicate directory "/Applications/ArmGNUToolchain/13.3.rel1/arm-none-eabi/bin/../lib/gcc/../../lib/gcc/arm-none-eabi/13.3.1/../../../../arm-none-eabi/include"
ignoring duplicate directory "/Applications/ArmGNUToolchain/13.3.rel1/arm-none-eabi/bin/../arm-none-eabi/include"
#include "..." search starts here:
#include <...> search starts here:
 /Applications/ArmGNUToolchain/13.3.rel1/arm-none-eabi/bin/../lib/gcc/arm-none-eabi/13.3.1/include
 /Applications/ArmGNUToolchain/13.3.rel1/arm-none-eabi/bin/../lib/gcc/arm-none-eabi/13.3.1/include-fixed
 /Applications/ArmGNUToolchain/13.3.rel1/arm-none-eabi/bin/../lib/gcc/arm-none-eabi/13.3.1/../../../../arm-none-eabi/include
End of search list.
Compiler executable checksum: 1f3af632e8b95c7877a003ac172c463f
COLLECT_GCC_OPTIONS='-fdiagnostics-color=always' '-v' '-o' 'CMakeFiles/cmTC_43409.dir/CMakeCCompilerABI.c.obj' '-c' '-mcpu=arm7tdmi' '-mfloat-abi=soft' '-marm' '-mlibarch=armv4t' '-march=armv4t' '-dumpdir' 'CMakeFiles/cmTC_43409.dir/'
 /Applications/ArmGNUToolchain/13.3.rel1/arm-none-eabi/bin/../lib/gcc/arm-none-eabi/13.3.1/../../../../arm-none-eabi/bin/as -v -march=armv4t -mfloat-abi=soft -meabi=5 -o CMakeFiles/cmTC_43409.dir/CMakeCCompilerABI.c.obj /var/folders/5f/m3z4hlfs6m39vfs8pykqxrrh0000gn/T//ccF1omPC.s
GNU assembler version 2.42.0 (arm-none-eabi) using BFD version (Arm GNU Toolchain 13.3.Rel1 (Build arm-13.24)) 2.42.0.20240614
COMPILER_PATH=/Applications/ArmGNUToolchain/13.3.rel1/arm-none-eabi/bin/../libexec/gcc/arm-none-eabi/13.3.1/:/Applications/ArmGNUToolchain/13.3.rel1/arm-none-eabi/bin/../libexec/gcc/:/Applications/ArmGNUToolchain/13.3.rel1/arm-none-eabi/bin/../lib/gcc/arm-none-eabi/13.3.1/../../../../arm-none-eabi/bin/
LIBRARY_PATH=/Applications/ArmGNUToolchain/13.3.rel1/arm-none-eabi/bin/../lib/gcc/arm-none-eabi/13.3.1/:/Applications/ArmGNUToolchain/13.3.rel1/arm-none-eabi/bin/../lib/gcc/:/Applications/ArmGNUToolchain/13.3.rel1/arm-none-eabi/bin/../lib/gcc/arm-none-eabi/13.3.1/../../../../arm-none-eabi/lib/:/Applications/ArmGNUToolchain/13.3.rel1/arm-none-eabi/bin/../arm-none-eabi/lib/
COLLECT_GCC_OPTIONS='-fdiagnostics-color=always' '-v' '-o' 'CMakeFiles/cmTC_43409.dir/CMakeCCompilerABI.c.obj' '-c' '-mcpu=arm7tdmi' '-mfloat-abi=soft' '-marm' '-mlibarch=armv4t' '-march=armv4t' '-dumpdir' 'CMakeFiles/cmTC_43409.dir/CMakeCCompilerABI.c.'
[2/2] Linking C static library libcmTC_43409.a



Parsed C implicit include dir info from above output: rv=done
  found start of include info
  found start of implicit include info
    add: [/Applications/ArmGNUToolchain/13.3.rel1/arm-none-eabi/bin/../lib/gcc/arm-none-eabi/13.3.1/include]
    add: [/Applications/ArmGNUToolchain/13.3.rel1/arm-none-eabi/bin/../lib/gcc/arm-none-eabi/13.3.1/include-fixed]
    add: [/Applications/ArmGNUToolchain/13.3.rel1/arm-none-eabi/bin/../lib/gcc/arm-none-eabi/13.3.1/../../../../arm-none-eabi/include]
  end of search list found
  collapse include dir [/Applications/ArmGNUToolchain/13.3.rel1/arm-none-eabi/bin/../lib/gcc/arm-none-eabi/13.3.1/include] ==> [/Applications/ArmGNUToolchain/13.3.rel1/arm-none-eabi/lib/gcc/arm-none-eabi/13.3.1/include]
  collapse include dir [/Applications/ArmGNUToolchain/13.3.rel1/arm-none-eabi/bin/../lib/gcc/arm-none-eabi/13.3.1/include-fixed] ==> [/Applications/ArmGNUToolchain/13.3.rel1/arm-none-eabi/lib/gcc/arm-none-eabi/13.3.1/include-fixed]
  collapse include dir [/Applications/ArmGNUToolchain/13.3.rel1/arm-none-eabi/bin/../lib/gcc/arm-none-eabi/13.3.1/../../../../arm-none-eabi/include] ==> [/Applications/ArmGNUToolchain/13.3.rel1/arm-none-eabi/arm-none-eabi/include]
  implicit include dirs: [/Applications/ArmGNUToolchain/13.3.rel1/arm-none-eabi/lib/gcc/arm-none-eabi/13.3.1/include;/Applications/ArmGNUToolchain/13.3.rel1/arm-none-eabi/lib/gcc/arm-none-eabi/13.3.1/include-fixed;/Applications/ArmGNUToolchain/13.3.rel1/arm-none-eabi/arm-none-eabi/include]


Parsed C implicit link information from above output:
  link line regex: [^( *|.*[/\])(arm-none-eabi-ld|CMAKE_LINK_STARTFILE-NOTFOUND|([^/\]+-)?ld|collect2)[^/\]*( |$)]
  ignore line: [Change Dir: /Users/hatsune-miku/develop/CLionProjects/action-test/cmake-build-debug/CMakeFiles/CMakeTmp]
  ignore line: []
  ignore line: [Run Build Command(s):/Applications/CLion.app/Contents/bin/ninja/mac/ninja cmTC_43409 && [1/2] Building C object CMakeFiles/cmTC_43409.dir/CMakeCCompilerABI.c.obj]
  ignore line: [Using built-in specs.]
  ignore line: [COLLECT_GCC=/opt/homebrew/bin/arm-none-eabi-gcc]
  ignore line: [Target: arm-none-eabi]
  ignore line: [Configured with: /Volumes/data/jenkins/workspace/GNU-toolchain/arm-13/src/gcc/configure --target=arm-none-eabi --prefix=/Volumes/data/jenkins/workspace/GNU-toolchain/arm-13/build-arm-none-eabi/install --with-gmp=/Volumes/data/jenkins/workspace/GNU-toolchain/arm-13/build-arm-none-eabi/host-tools --with-mpfr=/Volumes/data/jenkins/workspace/GNU-toolchain/arm-13/build-arm-none-eabi/host-tools --with-mpc=/Volumes/data/jenkins/workspace/GNU-toolchain/arm-13/build-arm-none-eabi/host-tools --with-isl=/Volumes/data/jenkins/workspace/GNU-toolchain/arm-13/build-arm-none-eabi/host-tools --disable-shared --disable-nls --disable-threads --disable-tls --enable-checking=release --enable-languages=c,c++,fortran --with-newlib --with-gnu-as --with-headers=yes --with-gnu-ld --with-native-system-header-dir=/include --with-sysroot=/Volumes/data/jenkins/workspace/GNU-toolchain/arm-13/build-arm-none-eabi/install/arm-none-eabi --with-multilib-list=aprofile,rmprofile --with-pkgversion='Arm GNU Toolchain 13.3.Rel1 (Build arm-13.24)' --with-bugurl=https://bugs.linaro.org/]
  ignore line: [Thread model: single]
  ignore line: [Supported LTO compression algorithms: zlib]
  ignore line: [gcc version 13.3.1 20240614 (Arm GNU Toolchain 13.3.Rel1 (Build arm-13.24)) ]
  ignore line: [COLLECT_GCC_OPTIONS='-fdiagnostics-color=always' '-v' '-o' 'CMakeFiles/cmTC_43409.dir/CMakeCCompilerABI.c.obj' '-c' '-mcpu=arm7tdmi' '-mfloat-abi=soft' '-marm' '-mlibarch=armv4t' '-march=armv4t' '-dumpdir' 'CMakeFiles/cmTC_43409.dir/']
  ignore line: [ /Applications/ArmGNUToolchain/13.3.rel1/arm-none-eabi/bin/../libexec/gcc/arm-none-eabi/13.3.1/cc1 -quiet -v -iprefix /Applications/ArmGNUToolchain/13.3.rel1/arm-none-eabi/bin/../lib/gcc/arm-none-eabi/13.3.1/ -isysroot /Applications/ArmGNUToolchain/13.3.rel1/arm-none-eabi/bin/../arm-none-eabi -D__USES_INITFINI__ /Applications/CLion.app/Contents/bin/cmake/mac/share/cmake-3.24/Modules/CMakeCCompilerABI.c -quiet -dumpdir CMakeFiles/cmTC_43409.dir/ -dumpbase CMakeCCompilerABI.c.c -dumpbase-ext .c -mcpu=arm7tdmi -mfloat-abi=soft -marm -mlibarch=armv4t -march=armv4t -version -fdiagnostics-color=always -o /var/folders/5f/m3z4hlfs6m39vfs8pykqxrrh0000gn/T//ccF1omPC.s]
  ignore line: [GNU C17 (Arm GNU Toolchain 13.3.Rel1 (Build arm-13.24)) version 13.3.1 20240614 (arm-none-eabi)]
  ignore line: [	compiled by GNU C version Apple LLVM 13.0.0 (clang-1300.0.29.30)  GMP version 6.2.1  MPFR version 3.1.6  MPC version 1.0.3  isl version isl-0.15-1-g835ea3a-GMP]
  ignore line: []
  ignore line: [GGC heuristics: --param ggc-min-expand=100 --param ggc-min-heapsize=131072]
  ignore line: [ignoring duplicate directory "/Applications/ArmGNUToolchain/13.3.rel1/arm-none-eabi/bin/../lib/gcc/../../lib/gcc/arm-none-eabi/13.3.1/include"]
  ignore line: [ignoring nonexistent directory "/Applications/ArmGNUToolchain/13.3.rel1/arm-none-eabi/bin/../arm-none-eabi/usr/local/include"]
  ignore line: [ignoring duplicate directory "/Applications/ArmGNUToolchain/13.3.rel1/arm-none-eabi/bin/../lib/gcc/../../lib/gcc/arm-none-eabi/13.3.1/include-fixed"]
  ignore line: [ignoring duplicate directory "/Applications/ArmGNUToolchain/13.3.rel1/arm-none-eabi/bin/../lib/gcc/../../lib/gcc/arm-none-eabi/13.3.1/../../../../arm-none-eabi/include"]
  ignore line: [ignoring duplicate directory "/Applications/ArmGNUToolchain/13.3.rel1/arm-none-eabi/bin/../arm-none-eabi/include"]
  ignore line: [#include "..." search starts here:]
  ignore line: [#include <...> search starts here:]
  ignore line: [ /Applications/ArmGNUToolchain/13.3.rel1/arm-none-eabi/bin/../lib/gcc/arm-none-eabi/13.3.1/include]
  ignore line: [ /Applications/ArmGNUToolchain/13.3.rel1/arm-none-eabi/bin/../lib/gcc/arm-none-eabi/13.3.1/include-fixed]
  ignore line: [ /Applications/ArmGNUToolchain/13.3.rel1/arm-none-eabi/bin/../lib/gcc/arm-none-eabi/13.3.1/../../../../arm-none-eabi/include]
  ignore line: [End of search list.]
  ignore line: [Compiler executable checksum: 1f3af632e8b95c7877a003ac172c463f]
  ignore line: [COLLECT_GCC_OPTIONS='-fdiagnostics-color=always' '-v' '-o' 'CMakeFiles/cmTC_43409.dir/CMakeCCompilerABI.c.obj' '-c' '-mcpu=arm7tdmi' '-mfloat-abi=soft' '-marm' '-mlibarch=armv4t' '-march=armv4t' '-dumpdir' 'CMakeFiles/cmTC_43409.dir/']
  ignore line: [ /Applications/ArmGNUToolchain/13.3.rel1/arm-none-eabi/bin/../lib/gcc/arm-none-eabi/13.3.1/../../../../arm-none-eabi/bin/as -v -march=armv4t -mfloat-abi=soft -meabi=5 -o CMakeFiles/cmTC_43409.dir/CMakeCCompilerABI.c.obj /var/folders/5f/m3z4hlfs6m39vfs8pykqxrrh0000gn/T//ccF1omPC.s]
  ignore line: [GNU assembler version 2.42.0 (arm-none-eabi) using BFD version (Arm GNU Toolchain 13.3.Rel1 (Build arm-13.24)) 2.42.0.20240614]
  ignore line: [COMPILER_PATH=/Applications/ArmGNUToolchain/13.3.rel1/arm-none-eabi/bin/../libexec/gcc/arm-none-eabi/13.3.1/:/Applications/ArmGNUToolchain/13.3.rel1/arm-none-eabi/bin/../libexec/gcc/:/Applications/ArmGNUToolchain/13.3.rel1/arm-none-eabi/bin/../lib/gcc/arm-none-eabi/13.3.1/../../../../arm-none-eabi/bin/]
  ignore line: [LIBRARY_PATH=/Applications/ArmGNUToolchain/13.3.rel1/arm-none-eabi/bin/../lib/gcc/arm-none-eabi/13.3.1/:/Applications/ArmGNUToolchain/13.3.rel1/arm-none-eabi/bin/../lib/gcc/:/Applications/ArmGNUToolchain/13.3.rel1/arm-none-eabi/bin/../lib/gcc/arm-none-eabi/13.3.1/../../../../arm-none-eabi/lib/:/Applications/ArmGNUToolchain/13.3.rel1/arm-none-eabi/bin/../arm-none-eabi/lib/]
  ignore line: [COLLECT_GCC_OPTIONS='-fdiagnostics-color=always' '-v' '-o' 'CMakeFiles/cmTC_43409.dir/CMakeCCompilerABI.c.obj' '-c' '-mcpu=arm7tdmi' '-mfloat-abi=soft' '-marm' '-mlibarch=armv4t' '-march=armv4t' '-dumpdir' 'CMakeFiles/cmTC_43409.dir/CMakeCCompilerABI.c.']
  ignore line: [[2/2] Linking C static library libcmTC_43409.a]
  ignore line: []
  ignore line: []
  implicit libs: []
  implicit objs: []
  implicit dirs: []
  implicit fwks: []


Detecting CXX compiler ABI info compiled with the following output:
Change Dir: /Users/hatsune-miku/develop/CLionProjects/action-test/cmake-build-debug/CMakeFiles/CMakeTmp

Run Build Command(s):/Applications/CLion.app/Contents/bin/ninja/mac/ninja cmTC_cc883 && [1/2] Building CXX object CMakeFiles/cmTC_cc883.dir/CMakeCXXCompilerABI.cpp.obj
Using built-in specs.
COLLECT_GCC=/opt/homebrew/bin/arm-none-eabi-g++
Target: arm-none-eabi
Configured with: /Volumes/data/jenkins/workspace/GNU-toolchain/arm-13/src/gcc/configure --target=arm-none-eabi --prefix=/Volumes/data/jenkins/workspace/GNU-toolchain/arm-13/build-arm-none-eabi/install --with-gmp=/Volumes/data/jenkins/workspace/GNU-toolchain/arm-13/build-arm-none-eabi/host-tools --with-mpfr=/Volumes/data/jenkins/workspace/GNU-toolchain/arm-13/build-arm-none-eabi/host-tools --with-mpc=/Volumes/data/jenkins/workspace/GNU-toolchain/arm-13/build-arm-none-eabi/host-tools --with-isl=/Volumes/data/jenkins/workspace/GNU-toolchain/arm-13/build-arm-none-eabi/host-tools --disable-shared --disable-nls --disable-threads --disable-tls --enable-checking=release --enable-languages=c,c++,fortran --with-newlib --with-gnu-as --with-headers=yes --with-gnu-ld --with-native-system-header-dir=/include --with-sysroot=/Volumes/data/jenkins/workspace/GNU-toolchain/arm-13/build-arm-none-eabi/install/arm-none-eabi --with-multilib-list=aprofile,rmprofile --with-pkgversion='Arm GNU Toolchain 13.3.Rel1 (Build arm-13.24)' --with-bugurl=https://bugs.linaro.org/
Thread model: single
Supported LTO compression algorithms: zlib
gcc version 13.3.1 20240614 (Arm GNU Toolchain 13.3.Rel1 (Build arm-13.24)) 
COLLECT_GCC_OPTIONS='-fdiagnostics-color=always' '-v' '-o' 'CMakeFiles/cmTC_cc883.dir/CMakeCXXCompilerABI.cpp.obj' '-c' '-mcpu=arm7tdmi' '-mfloat-abi=soft' '-marm' '-mlibarch=armv4t' '-march=armv4t' '-dumpdir' 'CMakeFiles/cmTC_cc883.dir/'
 /Applications/ArmGNUToolchain/13.3.rel1/arm-none-eabi/bin/../libexec/gcc/arm-none-eabi/13.3.1/cc1plus -quiet -v -iprefix /Applications/ArmGNUToolchain/13.3.rel1/arm-none-eabi/bin/../lib/gcc/arm-none-eabi/13.3.1/ -isysroot /Applications/ArmGNUToolchain/13.3.rel1/arm-none-eabi/bin/../arm-none-eabi -D__USES_INITFINI__ /Applications/CLion.app/Contents/bin/cmake/mac/share/cmake-3.24/Modules/CMakeCXXCompilerABI.cpp -quiet -dumpdir CMakeFiles/cmTC_cc883.dir/ -dumpbase CMakeCXXCompilerABI.cpp.cpp -dumpbase-ext .cpp -mcpu=arm7tdmi -mfloat-abi=soft -marm -mlibarch=armv4t -march=armv4t -version -fdiagnostics-color=always -o /var/folders/5f/m3z4hlfs6m39vfs8pykqxrrh0000gn/T//ccAcFS2c.s
GNU C++17 (Arm GNU Toolchain 13.3.Rel1 (Build arm-13.24)) version 13.3.1 20240614 (arm-none-eabi)
	compiled by GNU C version Apple LLVM 13.0.0 (clang-1300.0.29.30), GMP version 6.2.1, MPFR version 3.1.6, MPC version 1.0.3, isl version isl-0.15-1-g835ea3a-GMP

GGC heuristics: --param ggc-min-expand=100 --param ggc-min-heapsize=131072
ignoring duplicate directory "/Applications/ArmGNUToolchain/13.3.rel1/arm-none-eabi/bin/../lib/gcc/../../lib/gcc/arm-none-eabi/13.3.1/../../../../arm-none-eabi/include/c++/13.3.1"
ignoring duplicate directory "/Applications/ArmGNUToolchain/13.3.rel1/arm-none-eabi/bin/../lib/gcc/../../lib/gcc/arm-none-eabi/13.3.1/../../../../arm-none-eabi/include/c++/13.3.1/arm-none-eabi"
ignoring duplicate directory "/Applications/ArmGNUToolchain/13.3.rel1/arm-none-eabi/bin/../lib/gcc/../../lib/gcc/arm-none-eabi/13.3.1/../../../../arm-none-eabi/include/c++/13.3.1/backward"
ignoring duplicate directory "/Applications/ArmGNUToolchain/13.3.rel1/arm-none-eabi/bin/../lib/gcc/../../lib/gcc/arm-none-eabi/13.3.1/include"
ignoring nonexistent directory "/Applications/ArmGNUToolchain/13.3.rel1/arm-none-eabi/bin/../arm-none-eabi/usr/local/include"
ignoring duplicate directory "/Applications/ArmGNUToolchain/13.3.rel1/arm-none-eabi/bin/../lib/gcc/../../lib/gcc/arm-none-eabi/13.3.1/include-fixed"
ignoring duplicate directory "/Applications/ArmGNUToolchain/13.3.rel1/arm-none-eabi/bin/../lib/gcc/../../lib/gcc/arm-none-eabi/13.3.1/../../../../arm-none-eabi/include"
ignoring duplicate directory "/Applications/ArmGNUToolchain/13.3.rel1/arm-none-eabi/bin/../arm-none-eabi/include"
#include "..." search starts here:
#include <...> search starts here:
 /Applications/ArmGNUToolchain/13.3.rel1/arm-none-eabi/bin/../lib/gcc/arm-none-eabi/13.3.1/../../../../arm-none-eabi/include/c++/13.3.1
 /Applications/ArmGNUToolchain/13.3.rel1/arm-none-eabi/bin/../lib/gcc/arm-none-eabi/13.3.1/../../../../arm-none-eabi/include/c++/13.3.1/arm-none-eabi
 /Applications/ArmGNUToolchain/13.3.rel1/arm-none-eabi/bin/../lib/gcc/arm-none-eabi/13.3.1/../../../../arm-none-eabi/include/c++/13.3.1/backward
 /Applications/ArmGNUToolchain/13.3.rel1/arm-none-eabi/bin/../lib/gcc/arm-none-eabi/13.3.1/include
 /Applications/ArmGNUToolchain/13.3.rel1/arm-none-eabi/bin/../lib/gcc/arm-none-eabi/13.3.1/include-fixed
 /Applications/ArmGNUToolchain/13.3.rel1/arm-none-eabi/bin/../lib/gcc/arm-none-eabi/13.3.1/../../../../arm-none-eabi/include
End of search list.
Compiler executable checksum: 1db7fee203e7aaa1b59b043d54efd9f3
COLLECT_GCC_OPTIONS='-fdiagnostics-color=always' '-v' '-o' 'CMakeFiles/cmTC_cc883.dir/CMakeCXXCompilerABI.cpp.obj' '-c' '-mcpu=arm7tdmi' '-mfloat-abi=soft' '-marm' '-mlibarch=armv4t' '-march=armv4t' '-dumpdir' 'CMakeFiles/cmTC_cc883.dir/'
 /Applications/ArmGNUToolchain/13.3.rel1/arm-none-eabi/bin/../lib/gcc/arm-none-eabi/13.3.1/../../../../arm-none-eabi/bin/as -v -march=armv4t -mfloat-abi=soft -meabi=5 -o CMakeFiles/cmTC_cc883.dir/CMakeCXXCompilerABI.cpp.obj /var/folders/5f/m3z4hlfs6m39vfs8pykqxrrh0000gn/T//ccAcFS2c.s
GNU assembler version 2.42.0 (arm-none-eabi) using BFD version (Arm GNU Toolchain 13.3.Rel1 (Build arm-13.24)) 2.42.0.20240614
COMPILER_PATH=/Applications/ArmGNUToolchain/13.3.rel1/arm-none-eabi/bin/../libexec/gcc/arm-none-eabi/13.3.1/:/Applications/ArmGNUToolchain/13.3.rel1/arm-none-eabi/bin/../libexec/gcc/:/Applications/ArmGNUToolchain/13.3.rel1/arm-none-eabi/bin/../lib/gcc/arm-none-eabi/13.3.1/../../../../arm-none-eabi/bin/
LIBRARY_PATH=/Applications/ArmGNUToolchain/13.3.rel1/arm-none-eabi/bin/../lib/gcc/arm-none-eabi/13.3.1/:/Applications/ArmGNUToolchain/13.3.rel1/arm-none-eabi/bin/../lib/gcc/:/Applications/ArmGNUToolchain/13.3.rel1/arm-none-eabi/bin/../lib/gcc/arm-none-eabi/13.3.1/../../../../arm-none-eabi/lib/:/Applications/ArmGNUToolchain/13.3.rel1/arm-none-eabi/bin/../arm-none-eabi/lib/
COLLECT_GCC_OPTIONS='-fdiagnostics-color=always' '-v' '-o' 'CMakeFiles/cmTC_cc883.dir/CMakeCXXCompilerABI.cpp.obj' '-c' '-mcpu=arm7tdmi' '-mfloat-abi=soft' '-marm' '-mlibarch=armv4t' '-march=armv4t' '-dumpdir' 'CMakeFiles/cmTC_cc883.dir/CMakeCXXCompilerABI.cpp.'
[2/2] Linking CXX static library libcmTC_cc883.a



Parsed CXX implicit include dir info from above output: rv=done
  found start of include info
  found start of implicit include info
    add: [/Applications/ArmGNUToolchain/13.3.rel1/arm-none-eabi/bin/../lib/gcc/arm-none-eabi/13.3.1/../../../../arm-none-eabi/include/c++/13.3.1]
    add: [/Applications/ArmGNUToolchain/13.3.rel1/arm-none-eabi/bin/../lib/gcc/arm-none-eabi/13.3.1/../../../../arm-none-eabi/include/c++/13.3.1/arm-none-eabi]
    add: [/Applications/ArmGNUToolchain/13.3.rel1/arm-none-eabi/bin/../lib/gcc/arm-none-eabi/13.3.1/../../../../arm-none-eabi/include/c++/13.3.1/backward]
    add: [/Applications/ArmGNUToolchain/13.3.rel1/arm-none-eabi/bin/../lib/gcc/arm-none-eabi/13.3.1/include]
    add: [/Applications/ArmGNUToolchain/13.3.rel1/arm-none-eabi/bin/../lib/gcc/arm-none-eabi/13.3.1/include-fixed]
    add: [/Applications/ArmGNUToolchain/13.3.rel1/arm-none-eabi/bin/../lib/gcc/arm-none-eabi/13.3.1/../../../../arm-none-eabi/include]
  end of search list found
  collapse include dir [/Applications/ArmGNUToolchain/13.3.rel1/arm-none-eabi/bin/../lib/gcc/arm-none-eabi/13.3.1/../../../../arm-none-eabi/include/c++/13.3.1] ==> [/Applications/ArmGNUToolchain/13.3.rel1/arm-none-eabi/arm-none-eabi/include/c++/13.3.1]
  collapse include dir [/Applications/ArmGNUToolchain/13.3.rel1/arm-none-eabi/bin/../lib/gcc/arm-none-eabi/13.3.1/../../../../arm-none-eabi/include/c++/13.3.1/arm-none-eabi] ==> [/Applications/ArmGNUToolchain/13.3.rel1/arm-none-eabi/arm-none-eabi/include/c++/13.3.1/arm-none-eabi]
  collapse include dir [/Applications/ArmGNUToolchain/13.3.rel1/arm-none-eabi/bin/../lib/gcc/arm-none-eabi/13.3.1/../../../../arm-none-eabi/include/c++/13.3.1/backward] ==> [/Applications/ArmGNUToolchain/13.3.rel1/arm-none-eabi/arm-none-eabi/include/c++/13.3.1/backward]
  collapse include dir [/Applications/ArmGNUToolchain/13.3.rel1/arm-none-eabi/bin/../lib/gcc/arm-none-eabi/13.3.1/include] ==> [/Applications/ArmGNUToolchain/13.3.rel1/arm-none-eabi/lib/gcc/arm-none-eabi/13.3.1/include]
  collapse include dir [/Applications/ArmGNUToolchain/13.3.rel1/arm-none-eabi/bin/../lib/gcc/arm-none-eabi/13.3.1/include-fixed] ==> [/Applications/ArmGNUToolchain/13.3.rel1/arm-none-eabi/lib/gcc/arm-none-eabi/13.3.1/include-fixed]
  collapse include dir [/Applications/ArmGNUToolchain/13.3.rel1/arm-none-eabi/bin/../lib/gcc/arm-none-eabi/13.3.1/../../../../arm-none-eabi/include] ==> [/Applications/ArmGNUToolchain/13.3.rel1/arm-none-eabi/arm-none-eabi/include]
  implicit include dirs: [/Applications/ArmGNUToolchain/13.3.rel1/arm-none-eabi/arm-none-eabi/include/c++/13.3.1;/Applications/ArmGNUToolchain/13.3.rel1/arm-none-eabi/arm-none-eabi/include/c++/13.3.1/arm-none-eabi;/Applications/ArmGNUToolchain/13.3.rel1/arm-none-eabi/arm-none-eabi/include/c++/13.3.1/backward;/Applications/ArmGNUToolchain/13.3.rel1/arm-none-eabi/lib/gcc/arm-none-eabi/13.3.1/include;/Applications/ArmGNUToolchain/13.3.rel1/arm-none-eabi/lib/gcc/arm-none-eabi/13.3.1/include-fixed;/Applications/ArmGNUToolchain/13.3.rel1/arm-none-eabi/arm-none-eabi/include]


Parsed CXX implicit link information from above output:
  link line regex: [^( *|.*[/\])(arm-none-eabi-ld|CMAKE_LINK_STARTFILE-NOTFOUND|([^/\]+-)?ld|collect2)[^/\]*( |$)]
  ignore line: [Change Dir: /Users/hatsune-miku/develop/CLionProjects/action-test/cmake-build-debug/CMakeFiles/CMakeTmp]
  ignore line: []
  ignore line: [Run Build Command(s):/Applications/CLion.app/Contents/bin/ninja/mac/ninja cmTC_cc883 && [1/2] Building CXX object CMakeFiles/cmTC_cc883.dir/CMakeCXXCompilerABI.cpp.obj]
  ignore line: [Using built-in specs.]
  ignore line: [COLLECT_GCC=/opt/homebrew/bin/arm-none-eabi-g++]
  ignore line: [Target: arm-none-eabi]
  ignore line: [Configured with: /Volumes/data/jenkins/workspace/GNU-toolchain/arm-13/src/gcc/configure --target=arm-none-eabi --prefix=/Volumes/data/jenkins/workspace/GNU-toolchain/arm-13/build-arm-none-eabi/install --with-gmp=/Volumes/data/jenkins/workspace/GNU-toolchain/arm-13/build-arm-none-eabi/host-tools --with-mpfr=/Volumes/data/jenkins/workspace/GNU-toolchain/arm-13/build-arm-none-eabi/host-tools --with-mpc=/Volumes/data/jenkins/workspace/GNU-toolchain/arm-13/build-arm-none-eabi/host-tools --with-isl=/Volumes/data/jenkins/workspace/GNU-toolchain/arm-13/build-arm-none-eabi/host-tools --disable-shared --disable-nls --disable-threads --disable-tls --enable-checking=release --enable-languages=c,c++,fortran --with-newlib --with-gnu-as --with-headers=yes --with-gnu-ld --with-native-system-header-dir=/include --with-sysroot=/Volumes/data/jenkins/workspace/GNU-toolchain/arm-13/build-arm-none-eabi/install/arm-none-eabi --with-multilib-list=aprofile,rmprofile --with-pkgversion='Arm GNU Toolchain 13.3.Rel1 (Build arm-13.24)' --with-bugurl=https://bugs.linaro.org/]
  ignore line: [Thread model: single]
  ignore line: [Supported LTO compression algorithms: zlib]
  ignore line: [gcc version 13.3.1 20240614 (Arm GNU Toolchain 13.3.Rel1 (Build arm-13.24)) ]
  ignore line: [COLLECT_GCC_OPTIONS='-fdiagnostics-color=always' '-v' '-o' 'CMakeFiles/cmTC_cc883.dir/CMakeCXXCompilerABI.cpp.obj' '-c' '-mcpu=arm7tdmi' '-mfloat-abi=soft' '-marm' '-mlibarch=armv4t' '-march=armv4t' '-dumpdir' 'CMakeFiles/cmTC_cc883.dir/']
  ignore line: [ /Applications/ArmGNUToolchain/13.3.rel1/arm-none-eabi/bin/../libexec/gcc/arm-none-eabi/13.3.1/cc1plus -quiet -v -iprefix /Applications/ArmGNUToolchain/13.3.rel1/arm-none-eabi/bin/../lib/gcc/arm-none-eabi/13.3.1/ -isysroot /Applications/ArmGNUToolchain/13.3.rel1/arm-none-eabi/bin/../arm-none-eabi -D__USES_INITFINI__ /Applications/CLion.app/Contents/bin/cmake/mac/share/cmake-3.24/Modules/CMakeCXXCompilerABI.cpp -quiet -dumpdir CMakeFiles/cmTC_cc883.dir/ -dumpbase CMakeCXXCompilerABI.cpp.cpp -dumpbase-ext .cpp -mcpu=arm7tdmi -mfloat-abi=soft -marm -mlibarch=armv4t -march=armv4t -version -fdiagnostics-color=always -o /var/folders/5f/m3z4hlfs6m39vfs8pykqxrrh0000gn/T//ccAcFS2c.s]
  ignore line: [GNU C++17 (Arm GNU Toolchain 13.3.Rel1 (Build arm-13.24)) version 13.3.1 20240614 (arm-none-eabi)]
  ignore line: [	compiled by GNU C version Apple LLVM 13.0.0 (clang-1300.0.29.30)  GMP version 6.2.1  MPFR version 3.1.6  MPC version 1.0.3  isl version isl-0.15-1-g835ea3a-GMP]
  ignore line: []
  ignore line: [GGC heuristics: --param ggc-min-expand=100 --param ggc-min-heapsize=131072]
  ignore line: [ignoring duplicate directory "/Applications/ArmGNUToolchain/13.3.rel1/arm-none-eabi/bin/../lib/gcc/../../lib/gcc/arm-none-eabi/13.3.1/../../../../arm-none-eabi/include/c++/13.3.1"]
  ignore line: [ignoring duplicate directory "/Applications/ArmGNUToolchain/13.3.rel1/arm-none-eabi/bin/../lib/gcc/../../lib/gcc/arm-none-eabi/13.3.1/../../../../arm-none-eabi/include/c++/13.3.1/arm-none-eabi"]
  ignore line: [ignoring duplicate directory "/Applications/ArmGNUToolchain/13.3.rel1/arm-none-eabi/bin/../lib/gcc/../../lib/gcc/arm-none-eabi/13.3.1/../../../../arm-none-eabi/include/c++/13.3.1/backward"]
  ignore line: [ignoring duplicate directory "/Applications/ArmGNUToolchain/13.3.rel1/arm-none-eabi/bin/../lib/gcc/../../lib/gcc/arm-none-eabi/13.3.1/include"]
  ignore line: [ignoring nonexistent directory "/Applications/ArmGNUToolchain/13.3.rel1/arm-none-eabi/bin/../arm-none-eabi/usr/local/include"]
  ignore line: [ignoring duplicate directory "/Applications/ArmGNUToolchain/13.3.rel1/arm-none-eabi/bin/../lib/gcc/../../lib/gcc/arm-none-eabi/13.3.1/include-fixed"]
  ignore line: [ignoring duplicate directory "/Applications/ArmGNUToolchain/13.3.rel1/arm-none-eabi/bin/../lib/gcc/../../lib/gcc/arm-none-eabi/13.3.1/../../../../arm-none-eabi/include"]
  ignore line: [ignoring duplicate directory "/Applications/ArmGNUToolchain/13.3.rel1/arm-none-eabi/bin/../arm-none-eabi/include"]
  ignore line: [#include "..." search starts here:]
  ignore line: [#include <...> search starts here:]
  ignore line: [ /Applications/ArmGNUToolchain/13.3.rel1/arm-none-eabi/bin/../lib/gcc/arm-none-eabi/13.3.1/../../../../arm-none-eabi/include/c++/13.3.1]
  ignore line: [ /Applications/ArmGNUToolchain/13.3.rel1/arm-none-eabi/bin/../lib/gcc/arm-none-eabi/13.3.1/../../../../arm-none-eabi/include/c++/13.3.1/arm-none-eabi]
  ignore line: [ /Applications/ArmGNUToolchain/13.3.rel1/arm-none-eabi/bin/../lib/gcc/arm-none-eabi/13.3.1/../../../../arm-none-eabi/include/c++/13.3.1/backward]
  ignore line: [ /Applications/ArmGNUToolchain/13.3.rel1/arm-none-eabi/bin/../lib/gcc/arm-none-eabi/13.3.1/include]
  ignore line: [ /Applications/ArmGNUToolchain/13.3.rel1/arm-none-eabi/bin/../lib/gcc/arm-none-eabi/13.3.1/include-fixed]
  ignore line: [ /Applications/ArmGNUToolchain/13.3.rel1/arm-none-eabi/bin/../lib/gcc/arm-none-eabi/13.3.1/../../../../arm-none-eabi/include]
  ignore line: [End of search list.]
  ignore line: [Compiler executable checksum: 1db7fee203e7aaa1b59b043d54efd9f3]
  ignore line: [COLLECT_GCC_OPTIONS='-fdiagnostics-color=always' '-v' '-o' 'CMakeFiles/cmTC_cc883.dir/CMakeCXXCompilerABI.cpp.obj' '-c' '-mcpu=arm7tdmi' '-mfloat-abi=soft' '-marm' '-mlibarch=armv4t' '-march=armv4t' '-dumpdir' 'CMakeFiles/cmTC_cc883.dir/']
  ignore line: [ /Applications/ArmGNUToolchain/13.3.rel1/arm-none-eabi/bin/../lib/gcc/arm-none-eabi/13.3.1/../../../../arm-none-eabi/bin/as -v -march=armv4t -mfloat-abi=soft -meabi=5 -o CMakeFiles/cmTC_cc883.dir/CMakeCXXCompilerABI.cpp.obj /var/folders/5f/m3z4hlfs6m39vfs8pykqxrrh0000gn/T//ccAcFS2c.s]
  ignore line: [GNU assembler version 2.42.0 (arm-none-eabi) using BFD version (Arm GNU Toolchain 13.3.Rel1 (Build arm-13.24)) 2.42.0.20240614]
  ignore line: [COMPILER_PATH=/Applications/ArmGNUToolchain/13.3.rel1/arm-none-eabi/bin/../libexec/gcc/arm-none-eabi/13.3.1/:/Applications/ArmGNUToolchain/13.3.rel1/arm-none-eabi/bin/../libexec/gcc/:/Applications/ArmGNUToolchain/13.3.rel1/arm-none-eabi/bin/../lib/gcc/arm-none-eabi/13.3.1/../../../../arm-none-eabi/bin/]
  ignore line: [LIBRARY_PATH=/Applications/ArmGNUToolchain/13.3.rel1/arm-none-eabi/bin/../lib/gcc/arm-none-eabi/13.3.1/:/Applications/ArmGNUToolchain/13.3.rel1/arm-none-eabi/bin/../lib/gcc/:/Applications/ArmGNUToolchain/13.3.rel1/arm-none-eabi/bin/../lib/gcc/arm-none-eabi/13.3.1/../../../../arm-none-eabi/lib/:/Applications/ArmGNUToolchain/13.3.rel1/arm-none-eabi/bin/../arm-none-eabi/lib/]
  ignore line: [COLLECT_GCC_OPTIONS='-fdiagnostics-color=always' '-v' '-o' 'CMakeFiles/cmTC_cc883.dir/CMakeCXXCompilerABI.cpp.obj' '-c' '-mcpu=arm7tdmi' '-mfloat-abi=soft' '-marm' '-mlibarch=armv4t' '-march=armv4t' '-dumpdir' 'CMakeFiles/cmTC_cc883.dir/CMakeCXXCompilerABI.cpp.']
  ignore line: [[2/2] Linking CXX static library libcmTC_cc883.a]
  ignore line: []
  ignore line: []
  implicit libs: []
  implicit objs: []
  implicit dirs: []
  implicit fwks: []


